{"/Users/mattlist/Developer/Matt/Web/Svelte/epic-events/drizzle.config.ts": {"path":"/Users/mattlist/Developer/Matt/Web/Svelte/epic-events/drizzle.config.ts","all":true,"statementMap":{"0":{"start":{"line":1,"column":0},"end":{"line":1,"column":43}},"1":{"start":{"line":2,"column":0},"end":{"line":2,"column":74}},"3":{"start":{"line":4,"column":0},"end":{"line":4,"column":29}},"4":{"start":{"line":5,"column":0},"end":{"line":5,"column":41}},"5":{"start":{"line":6,"column":0},"end":{"line":6,"column":17}},"6":{"start":{"line":7,"column":0},"end":{"line":7,"column":31}},"7":{"start":{"line":8,"column":0},"end":{"line":8,"column":3}},"8":{"start":{"line":9,"column":0},"end":{"line":9,"column":15}},"9":{"start":{"line":10,"column":0},"end":{"line":10,"column":14}},"10":{"start":{"line":11,"column":0},"end":{"line":11,"column":22}},"11":{"start":{"line":12,"column":0},"end":{"line":12,"column":3}}},"s":{"0":0,"1":0,"3":0,"4":0,"5":0,"6":0,"7":0,"8":0,"9":0,"10":0,"11":0},"branchMap":{"0":{"type":"branch","line":1,"loc":{"start":{"line":1,"column":0},"end":{"line":12,"column":-92}},"locations":[{"start":{"line":1,"column":0},"end":{"line":12,"column":-92}}]}},"b":{"0":[0]},"fnMap":{"0":{"name":"(empty-report)","decl":{"start":{"line":1,"column":0},"end":{"line":12,"column":-92}},"loc":{"start":{"line":1,"column":0},"end":{"line":12,"column":-92}},"line":1}},"f":{"0":0}}
,"/Users/mattlist/Developer/Matt/Web/Svelte/epic-events/postcss.config.js": {"path":"/Users/mattlist/Developer/Matt/Web/Svelte/epic-events/postcss.config.js","all":true,"statementMap":{"0":{"start":{"line":1,"column":0},"end":{"line":1,"column":16}},"1":{"start":{"line":2,"column":0},"end":{"line":2,"column":11}},"2":{"start":{"line":3,"column":0},"end":{"line":3,"column":18}},"3":{"start":{"line":4,"column":0},"end":{"line":4,"column":18}},"4":{"start":{"line":5,"column":0},"end":{"line":5,"column":2}},"5":{"start":{"line":6,"column":0},"end":{"line":6,"column":2}}},"s":{"0":0,"1":0,"2":0,"3":0,"4":0,"5":0},"branchMap":{"0":{"type":"branch","line":1,"loc":{"start":{"line":1,"column":0},"end":{"line":6,"column":-8}},"locations":[{"start":{"line":1,"column":0},"end":{"line":6,"column":-8}}]}},"b":{"0":[0]},"fnMap":{"0":{"name":"(empty-report)","decl":{"start":{"line":1,"column":0},"end":{"line":6,"column":-8}},"loc":{"start":{"line":1,"column":0},"end":{"line":6,"column":-8}},"line":1}},"f":{"0":0}}
,"/Users/mattlist/Developer/Matt/Web/Svelte/epic-events/svelte.config.js": {"path":"/Users/mattlist/Developer/Matt/Web/Svelte/epic-events/svelte.config.js","all":true,"statementMap":{"0":{"start":{"line":1,"column":0},"end":{"line":1,"column":45}},"1":{"start":{"line":2,"column":0},"end":{"line":2,"column":62}},"2":{"start":{"line":3,"column":0},"end":{"line":3,"column":0}},"3":{"start":{"line":4,"column":0},"end":{"line":4,"column":45}},"4":{"start":{"line":5,"column":0},"end":{"line":5,"column":16}},"5":{"start":{"line":6,"column":0},"end":{"line":6,"column":52}},"6":{"start":{"line":7,"column":0},"end":{"line":7,"column":44}},"7":{"start":{"line":8,"column":0},"end":{"line":8,"column":30}},"8":{"start":{"line":9,"column":0},"end":{"line":9,"column":0}},"9":{"start":{"line":10,"column":0},"end":{"line":10,"column":7}},"10":{"start":{"line":11,"column":0},"end":{"line":11,"column":107}},"11":{"start":{"line":12,"column":0},"end":{"line":12,"column":108}},"12":{"start":{"line":13,"column":0},"end":{"line":13,"column":82}},"13":{"start":{"line":14,"column":0},"end":{"line":14,"column":21}},"14":{"start":{"line":15,"column":0},"end":{"line":15,"column":10}},"15":{"start":{"line":16,"column":0},"end":{"line":16,"column":23}},"16":{"start":{"line":17,"column":0},"end":{"line":17,"column":3}},"17":{"start":{"line":18,"column":0},"end":{"line":18,"column":2}},"18":{"start":{"line":19,"column":0},"end":{"line":19,"column":2}},"19":{"start":{"line":20,"column":0},"end":{"line":20,"column":0}},"20":{"start":{"line":21,"column":0},"end":{"line":21,"column":22}}},"s":{"0":0,"1":0,"2":0,"3":0,"4":0,"5":0,"6":0,"7":0,"8":0,"9":0,"10":0,"11":0,"12":0,"13":0,"14":0,"15":0,"16":0,"17":0,"18":0,"19":0,"20":0},"branchMap":{"0":{"type":"branch","line":1,"loc":{"start":{"line":1,"column":0},"end":{"line":21,"column":-128}},"locations":[{"start":{"line":1,"column":0},"end":{"line":21,"column":-128}}]}},"b":{"0":[0]},"fnMap":{"0":{"name":"(empty-report)","decl":{"start":{"line":1,"column":0},"end":{"line":21,"column":-128}},"loc":{"start":{"line":1,"column":0},"end":{"line":21,"column":-128}},"line":1}},"f":{"0":0}}
,"/Users/mattlist/Developer/Matt/Web/Svelte/epic-events/tailwind.config.ts": {"path":"/Users/mattlist/Developer/Matt/Web/Svelte/epic-events/tailwind.config.ts","all":true,"statementMap":{"0":{"start":{"line":1,"column":0},"end":{"line":1,"column":42}},"1":{"start":{"line":2,"column":0},"end":{"line":2,"column":53}},"3":{"start":{"line":4,"column":0},"end":{"line":4,"column":24}},"4":{"start":{"line":5,"column":0},"end":{"line":5,"column":21}},"5":{"start":{"line":6,"column":0},"end":{"line":6,"column":45}},"6":{"start":{"line":7,"column":0},"end":{"line":7,"column":20}},"7":{"start":{"line":8,"column":0},"end":{"line":8,"column":9}},"8":{"start":{"line":9,"column":0},"end":{"line":9,"column":14}},"9":{"start":{"line":10,"column":0},"end":{"line":10,"column":16}},"10":{"start":{"line":11,"column":0},"end":{"line":11,"column":19}},"11":{"start":{"line":12,"column":0},"end":{"line":12,"column":13}},"12":{"start":{"line":13,"column":0},"end":{"line":13,"column":19}},"13":{"start":{"line":14,"column":0},"end":{"line":14,"column":4}},"14":{"start":{"line":15,"column":0},"end":{"line":15,"column":4}},"15":{"start":{"line":16,"column":0},"end":{"line":16,"column":15}},"16":{"start":{"line":17,"column":0},"end":{"line":17,"column":34}},"17":{"start":{"line":18,"column":0},"end":{"line":18,"column":36}},"18":{"start":{"line":19,"column":0},"end":{"line":19,"column":40}},"19":{"start":{"line":20,"column":0},"end":{"line":20,"column":4}},"20":{"start":{"line":21,"column":0},"end":{"line":21,"column":11}},"21":{"start":{"line":22,"column":0},"end":{"line":22,"column":12}},"22":{"start":{"line":23,"column":0},"end":{"line":23,"column":49}},"23":{"start":{"line":24,"column":0},"end":{"line":24,"column":47}},"24":{"start":{"line":25,"column":0},"end":{"line":25,"column":45}},"25":{"start":{"line":26,"column":0},"end":{"line":26,"column":57}},"26":{"start":{"line":27,"column":0},"end":{"line":27,"column":57}},"27":{"start":{"line":28,"column":0},"end":{"line":28,"column":14}},"28":{"start":{"line":29,"column":0},"end":{"line":29,"column":52}},"29":{"start":{"line":30,"column":0},"end":{"line":30,"column":65}},"30":{"start":{"line":31,"column":0},"end":{"line":31,"column":6}},"31":{"start":{"line":32,"column":0},"end":{"line":32,"column":16}},"32":{"start":{"line":33,"column":0},"end":{"line":33,"column":54}},"33":{"start":{"line":34,"column":0},"end":{"line":34,"column":67}},"34":{"start":{"line":35,"column":0},"end":{"line":35,"column":6}},"35":{"start":{"line":36,"column":0},"end":{"line":36,"column":18}},"36":{"start":{"line":37,"column":0},"end":{"line":37,"column":56}},"37":{"start":{"line":38,"column":0},"end":{"line":38,"column":69}},"38":{"start":{"line":39,"column":0},"end":{"line":39,"column":6}},"39":{"start":{"line":40,"column":0},"end":{"line":40,"column":12}},"40":{"start":{"line":41,"column":0},"end":{"line":41,"column":50}},"41":{"start":{"line":42,"column":0},"end":{"line":42,"column":63}},"42":{"start":{"line":43,"column":0},"end":{"line":43,"column":6}},"43":{"start":{"line":44,"column":0},"end":{"line":44,"column":13}},"44":{"start":{"line":45,"column":0},"end":{"line":45,"column":51}},"45":{"start":{"line":46,"column":0},"end":{"line":46,"column":64}},"46":{"start":{"line":47,"column":0},"end":{"line":47,"column":6}},"47":{"start":{"line":48,"column":0},"end":{"line":48,"column":14}},"48":{"start":{"line":49,"column":0},"end":{"line":49,"column":52}},"49":{"start":{"line":50,"column":0},"end":{"line":50,"column":65}},"50":{"start":{"line":51,"column":0},"end":{"line":51,"column":6}},"51":{"start":{"line":52,"column":0},"end":{"line":52,"column":11}},"52":{"start":{"line":53,"column":0},"end":{"line":53,"column":49}},"53":{"start":{"line":54,"column":0},"end":{"line":54,"column":62}},"54":{"start":{"line":55,"column":0},"end":{"line":55,"column":6}},"55":{"start":{"line":56,"column":0},"end":{"line":56,"column":14}},"56":{"start":{"line":57,"column":0},"end":{"line":57,"column":47}},"57":{"start":{"line":58,"column":0},"end":{"line":58,"column":50}},"58":{"start":{"line":59,"column":0},"end":{"line":59,"column":44}},"59":{"start":{"line":60,"column":0},"end":{"line":60,"column":68}},"60":{"start":{"line":61,"column":0},"end":{"line":61,"column":42}},"61":{"start":{"line":62,"column":0},"end":{"line":62,"column":66}},"62":{"start":{"line":63,"column":0},"end":{"line":63,"column":42}},"63":{"start":{"line":64,"column":0},"end":{"line":64,"column":37}},"64":{"start":{"line":65,"column":0},"end":{"line":65,"column":5}},"65":{"start":{"line":66,"column":0},"end":{"line":66,"column":5}},"66":{"start":{"line":67,"column":0},"end":{"line":67,"column":18}},"67":{"start":{"line":68,"column":0},"end":{"line":68,"column":36}},"68":{"start":{"line":69,"column":0},"end":{"line":69,"column":24}},"69":{"start":{"line":70,"column":0},"end":{"line":70,"column":36}},"70":{"start":{"line":71,"column":0},"end":{"line":71,"column":35}},"71":{"start":{"line":72,"column":0},"end":{"line":72,"column":5}},"72":{"start":{"line":73,"column":0},"end":{"line":73,"column":15}},"73":{"start":{"line":74,"column":0},"end":{"line":74,"column":23}},"74":{"start":{"line":75,"column":0},"end":{"line":75,"column":27}},"75":{"start":{"line":76,"column":0},"end":{"line":76,"column":60}},"76":{"start":{"line":77,"column":0},"end":{"line":77,"column":6}},"77":{"start":{"line":78,"column":0},"end":{"line":78,"column":21}},"78":{"start":{"line":79,"column":0},"end":{"line":79,"column":63}},"79":{"start":{"line":80,"column":0},"end":{"line":80,"column":24}},"80":{"start":{"line":81,"column":0},"end":{"line":81,"column":6}},"81":{"start":{"line":82,"column":0},"end":{"line":82,"column":20}},"82":{"start":{"line":83,"column":0},"end":{"line":83,"column":37}},"83":{"start":{"line":84,"column":0},"end":{"line":84,"column":32}},"84":{"start":{"line":85,"column":0},"end":{"line":85,"column":5}},"85":{"start":{"line":86,"column":0},"end":{"line":86,"column":5}},"86":{"start":{"line":87,"column":0},"end":{"line":87,"column":15}},"87":{"start":{"line":88,"column":0},"end":{"line":88,"column":53}},"88":{"start":{"line":89,"column":0},"end":{"line":89,"column":49}},"89":{"start":{"line":90,"column":0},"end":{"line":90,"column":56}},"90":{"start":{"line":91,"column":0},"end":{"line":91,"column":4}},"91":{"start":{"line":92,"column":0},"end":{"line":92,"column":3}},"92":{"start":{"line":93,"column":0},"end":{"line":93,"column":3}},"93":{"start":{"line":94,"column":0},"end":{"line":94,"column":30}},"94":{"start":{"line":95,"column":0},"end":{"line":95,"column":2}},"96":{"start":{"line":97,"column":0},"end":{"line":97,"column":22}}},"s":{"0":0,"1":0,"3":0,"4":0,"5":0,"6":0,"7":0,"8":0,"9":0,"10":0,"11":0,"12":0,"13":0,"14":0,"15":0,"16":0,"17":0,"18":0,"19":0,"20":0,"21":0,"22":0,"23":0,"24":0,"25":0,"26":0,"27":0,"28":0,"29":0,"30":0,"31":0,"32":0,"33":0,"34":0,"35":0,"36":0,"37":0,"38":0,"39":0,"40":0,"41":0,"42":0,"43":0,"44":0,"45":0,"46":0,"47":0,"48":0,"49":0,"50":0,"51":0,"52":0,"53":0,"54":0,"55":0,"56":0,"57":0,"58":0,"59":0,"60":0,"61":0,"62":0,"63":0,"64":0,"65":0,"66":0,"67":0,"68":0,"69":0,"70":0,"71":0,"72":0,"73":0,"74":0,"75":0,"76":0,"77":0,"78":0,"79":0,"80":0,"81":0,"82":0,"83":0,"84":0,"85":0,"86":0,"87":0,"88":0,"89":0,"90":0,"91":0,"92":0,"93":0,"94":0,"96":0},"branchMap":{"0":{"type":"branch","line":1,"loc":{"start":{"line":1,"column":0},"end":{"line":97,"column":-288}},"locations":[{"start":{"line":1,"column":0},"end":{"line":97,"column":-288}}]}},"b":{"0":[0]},"fnMap":{"0":{"name":"(empty-report)","decl":{"start":{"line":1,"column":0},"end":{"line":97,"column":-288}},"loc":{"start":{"line":1,"column":0},"end":{"line":97,"column":-288}},"line":1}},"f":{"0":0}}
,"/Users/mattlist/Developer/Matt/Web/Svelte/epic-events/src/lib/index.ts": {"path":"/Users/mattlist/Developer/Matt/Web/Svelte/epic-events/src/lib/index.ts","all":true,"statementMap":{},"s":{},"branchMap":{"0":{"type":"branch","line":1,"loc":{"start":{"line":1,"column":74},"end":{"line":1,"column":74}},"locations":[{"start":{"line":1,"column":74},"end":{"line":1,"column":74}}]}},"b":{"0":[1]},"fnMap":{"0":{"name":"(empty-report)","decl":{"start":{"line":1,"column":74},"end":{"line":1,"column":74}},"loc":{"start":{"line":1,"column":74},"end":{"line":1,"column":74}},"line":1}},"f":{"0":1}}
,"/Users/mattlist/Developer/Matt/Web/Svelte/epic-events/src/lib/utils.ts": {"path":"/Users/mattlist/Developer/Matt/Web/Svelte/epic-events/src/lib/utils.ts","all":false,"statementMap":{"0":{"start":{"line":1,"column":0},"end":{"line":1,"column":45}},"3":{"start":{"line":4,"column":0},"end":{"line":4,"column":45}},"4":{"start":{"line":5,"column":0},"end":{"line":5,"column":30}},"5":{"start":{"line":6,"column":0},"end":{"line":6,"column":1}}},"s":{"0":1,"3":1,"4":86,"5":86},"branchMap":{"0":{"type":"branch","line":4,"loc":{"start":{"line":4,"column":7},"end":{"line":6,"column":1}},"locations":[{"start":{"line":4,"column":7},"end":{"line":6,"column":1}}]}},"b":{"0":[86]},"fnMap":{"0":{"name":"cn","decl":{"start":{"line":4,"column":7},"end":{"line":6,"column":1}},"loc":{"start":{"line":4,"column":7},"end":{"line":6,"column":1}},"line":4}},"f":{"0":86}}
,"/Users/mattlist/Developer/Matt/Web/Svelte/epic-events/src/lib/components/Greeter.svelte": {"path":"/Users/mattlist/Developer/Matt/Web/Svelte/epic-events/src/lib/components/Greeter.svelte","all":false,"statementMap":{"0":{"start":{"line":1,"column":0},"end":{"line":1,"column":8}},"1":{"start":{"line":2,"column":0},"end":{"line":2,"column":17}},"3":{"start":{"line":4,"column":0},"end":{"line":4,"column":26}},"5":{"start":{"line":6,"column":0},"end":{"line":6,"column":49}},"8":{"start":{"line":9,"column":0},"end":{"line":9,"column":45}},"10":{"start":{"line":11,"column":0},"end":{"line":11,"column":18}},"11":{"start":{"line":12,"column":0},"end":{"line":12,"column":20}}},"s":{"0":1,"1":1,"3":1,"5":1,"8":1,"10":1,"11":1},"branchMap":{"0":{"type":"branch","line":6,"loc":{"start":{"line":6,"column":18},"end":{"line":6,"column":49}},"locations":[{"start":{"line":6,"column":18},"end":{"line":6,"column":49}}]},"1":{"type":"branch","line":11,"loc":{"start":{"line":11,"column":5},"end":{"line":11,"column":18}},"locations":[{"start":{"line":11,"column":5},"end":{"line":11,"column":18}}]},"2":{"type":"branch","line":12,"loc":{"start":{"line":12,"column":11},"end":{"line":12,"column":20}},"locations":[{"start":{"line":12,"column":11},"end":{"line":12,"column":20}}]},"3":{"type":"branch","line":12,"loc":{"start":{"line":12,"column":15},"end":{"line":12,"column":20}},"locations":[{"start":{"line":12,"column":15},"end":{"line":12,"column":20}}]}},"b":{"0":[1],"1":[3],"2":[1],"3":[0]},"fnMap":{"0":{"name":"handleClick","decl":{"start":{"line":6,"column":18},"end":{"line":6,"column":49}},"loc":{"start":{"line":6,"column":18},"end":{"line":6,"column":49}},"line":6}},"f":{"0":1}}
,"/Users/mattlist/Developer/Matt/Web/Svelte/epic-events/src/lib/components/NavBar.svelte": {"path":"/Users/mattlist/Developer/Matt/Web/Svelte/epic-events/src/lib/components/NavBar.svelte","all":false,"statementMap":{"0":{"start":{"line":1,"column":0},"end":{"line":1,"column":18}}},"s":{"0":1},"branchMap":{},"b":{},"fnMap":{},"f":{}}
,"/Users/mattlist/Developer/Matt/Web/Svelte/epic-events/src/lib/components/SideNav.svelte": {"path":"/Users/mattlist/Developer/Matt/Web/Svelte/epic-events/src/lib/components/SideNav.svelte","all":false,"statementMap":{"0":{"start":{"line":1,"column":0},"end":{"line":1,"column":18}},"11":{"start":{"line":12,"column":0},"end":{"line":12,"column":94}},"14":{"start":{"line":15,"column":0},"end":{"line":15,"column":12}},"21":{"start":{"line":22,"column":0},"end":{"line":22,"column":22}},"23":{"start":{"line":24,"column":0},"end":{"line":24,"column":13}},"30":{"start":{"line":31,"column":0},"end":{"line":31,"column":22}},"33":{"start":{"line":34,"column":0},"end":{"line":34,"column":43}},"34":{"start":{"line":35,"column":0},"end":{"line":35,"column":45}},"37":{"start":{"line":38,"column":0},"end":{"line":38,"column":93}},"40":{"start":{"line":41,"column":0},"end":{"line":41,"column":82}},"43":{"start":{"line":44,"column":0},"end":{"line":44,"column":77}},"45":{"start":{"line":46,"column":0},"end":{"line":46,"column":30}},"60":{"start":{"line":61,"column":0},"end":{"line":61,"column":77}},"65":{"start":{"line":66,"column":0},"end":{"line":66,"column":86}},"70":{"start":{"line":71,"column":0},"end":{"line":71,"column":78}},"76":{"start":{"line":77,"column":0},"end":{"line":77,"column":90}},"80":{"start":{"line":81,"column":0},"end":{"line":81,"column":90}},"88":{"start":{"line":89,"column":0},"end":{"line":89,"column":41}},"99":{"start":{"line":100,"column":0},"end":{"line":100,"column":65}},"104":{"start":{"line":105,"column":0},"end":{"line":105,"column":52}},"109":{"start":{"line":110,"column":0},"end":{"line":110,"column":54}},"114":{"start":{"line":115,"column":0},"end":{"line":115,"column":55}},"121":{"start":{"line":122,"column":0},"end":{"line":122,"column":87}},"130":{"start":{"line":131,"column":0},"end":{"line":131,"column":69}},"139":{"start":{"line":140,"column":0},"end":{"line":140,"column":76}},"143":{"start":{"line":144,"column":0},"end":{"line":144,"column":35}}},"s":{"0":1,"11":1,"14":1,"21":1,"23":1,"30":1,"33":1,"34":1,"37":1,"40":1,"43":1,"45":1,"60":1,"65":1,"70":1,"76":1,"80":1,"88":1,"99":1,"104":1,"109":1,"114":1,"121":1,"130":1,"139":1,"143":1},"branchMap":{},"b":{},"fnMap":{},"f":{}}
,"/Users/mattlist/Developer/Matt/Web/Svelte/epic-events/src/lib/components/ui/badge/badge.svelte": {"path":"/Users/mattlist/Developer/Matt/Web/Svelte/epic-events/src/lib/components/ui/badge/badge.svelte","all":false,"statementMap":{"0":{"start":{"line":1,"column":0},"end":{"line":1,"column":25}},"3":{"start":{"line":4,"column":0},"end":{"line":4,"column":34}},"4":{"start":{"line":5,"column":0},"end":{"line":5,"column":177}},"5":{"start":{"line":6,"column":0},"end":{"line":6,"column":13}},"6":{"start":{"line":7,"column":0},"end":{"line":7,"column":13}},"7":{"start":{"line":8,"column":0},"end":{"line":8,"column":12}},"8":{"start":{"line":9,"column":0},"end":{"line":9,"column":81}},"9":{"start":{"line":10,"column":0},"end":{"line":10,"column":14}},"10":{"start":{"line":11,"column":0},"end":{"line":11,"column":87}},"11":{"start":{"line":12,"column":0},"end":{"line":12,"column":16}},"12":{"start":{"line":13,"column":0},"end":{"line":13,"column":93}},"13":{"start":{"line":14,"column":0},"end":{"line":14,"column":31}},"16":{"start":{"line":17,"column":0},"end":{"line":17,"column":20}},"17":{"start":{"line":18,"column":0},"end":{"line":18,"column":22}},"30":{"start":{"line":31,"column":0},"end":{"line":31,"column":24}},"33":{"start":{"line":34,"column":0},"end":{"line":34,"column":22}},"35":{"start":{"line":36,"column":0},"end":{"line":36,"column":14}},"42":{"start":{"line":43,"column":0},"end":{"line":43,"column":27}},"43":{"start":{"line":44,"column":0},"end":{"line":44,"column":16}},"45":{"start":{"line":46,"column":0},"end":{"line":46,"column":50}},"46":{"start":{"line":47,"column":0},"end":{"line":47,"column":15}}},"s":{"0":1,"3":1,"4":1,"5":1,"6":1,"7":1,"8":1,"9":1,"10":1,"11":1,"12":1,"13":1,"16":1,"17":1,"30":1,"33":1,"35":1,"42":1,"43":1,"45":1,"46":1},"branchMap":{"0":{"type":"branch","line":43,"loc":{"start":{"line":43,"column":14},"end":{"line":43,"column":26}},"locations":[{"start":{"line":43,"column":14},"end":{"line":43,"column":26}}]},"1":{"type":"branch","line":43,"loc":{"start":{"line":43,"column":14},"end":{"line":43,"column":17}},"locations":[{"start":{"line":43,"column":14},"end":{"line":43,"column":17}}]},"2":{"type":"branch","line":43,"loc":{"start":{"line":43,"column":14},"end":{"line":43,"column":26}},"locations":[{"start":{"line":43,"column":14},"end":{"line":43,"column":26}}]},"3":{"type":"branch","line":43,"loc":{"start":{"line":43,"column":14},"end":{"line":43,"column":17}},"locations":[{"start":{"line":43,"column":14},"end":{"line":43,"column":17}}]},"4":{"type":"branch","line":43,"loc":{"start":{"line":43,"column":14},"end":{"line":43,"column":26}},"locations":[{"start":{"line":43,"column":14},"end":{"line":43,"column":26}}]},"5":{"type":"branch","line":43,"loc":{"start":{"line":43,"column":14},"end":{"line":43,"column":17}},"locations":[{"start":{"line":43,"column":14},"end":{"line":43,"column":17}}]},"6":{"type":"branch","line":44,"loc":{"start":{"line":44,"column":12},"end":{"line":44,"column":16}},"locations":[{"start":{"line":44,"column":12},"end":{"line":44,"column":16}}]},"7":{"type":"branch","line":44,"loc":{"start":{"line":44,"column":15},"end":{"line":44,"column":16}},"locations":[{"start":{"line":44,"column":15},"end":{"line":44,"column":16}}]}},"b":{"0":[6],"1":[0],"2":[6],"3":[0],"4":[6],"5":[0],"6":[12],"7":[12]},"fnMap":{},"f":{}}
,"/Users/mattlist/Developer/Matt/Web/Svelte/epic-events/src/lib/components/ui/badge/index.ts": {"path":"/Users/mattlist/Developer/Matt/Web/Svelte/epic-events/src/lib/components/ui/badge/index.ts","all":false,"statementMap":{"0":{"start":{"line":1,"column":0},"end":{"line":1,"column":50}}},"s":{"0":1},"branchMap":{},"b":{},"fnMap":{},"f":{}}
,"/Users/mattlist/Developer/Matt/Web/Svelte/epic-events/src/lib/components/ui/button/button.svelte": {"path":"/Users/mattlist/Developer/Matt/Web/Svelte/epic-events/src/lib/components/ui/button/button.svelte","all":false,"statementMap":{"0":{"start":{"line":1,"column":0},"end":{"line":1,"column":25}},"5":{"start":{"line":6,"column":0},"end":{"line":6,"column":35}},"6":{"start":{"line":7,"column":0},"end":{"line":7,"column":355}},"7":{"start":{"line":8,"column":0},"end":{"line":8,"column":13}},"8":{"start":{"line":9,"column":0},"end":{"line":9,"column":13}},"9":{"start":{"line":10,"column":0},"end":{"line":10,"column":70}},"10":{"start":{"line":11,"column":0},"end":{"line":11,"column":86}},"11":{"start":{"line":12,"column":0},"end":{"line":12,"column":94}},"12":{"start":{"line":13,"column":0},"end":{"line":13,"column":78}},"13":{"start":{"line":14,"column":0},"end":{"line":14,"column":58}},"14":{"start":{"line":15,"column":0},"end":{"line":15,"column":59}},"16":{"start":{"line":17,"column":0},"end":{"line":17,"column":10}},"17":{"start":{"line":18,"column":0},"end":{"line":18,"column":30}},"18":{"start":{"line":19,"column":0},"end":{"line":19,"column":30}},"19":{"start":{"line":20,"column":0},"end":{"line":20,"column":31}},"20":{"start":{"line":21,"column":0},"end":{"line":21,"column":21}},"23":{"start":{"line":24,"column":0},"end":{"line":24,"column":20}},"24":{"start":{"line":25,"column":0},"end":{"line":25,"column":22}},"25":{"start":{"line":26,"column":0},"end":{"line":26,"column":18}},"44":{"start":{"line":45,"column":0},"end":{"line":45,"column":22}},"45":{"start":{"line":46,"column":0},"end":{"line":46,"column":19}},"46":{"start":{"line":47,"column":0},"end":{"line":47,"column":24}},"47":{"start":{"line":48,"column":0},"end":{"line":48,"column":19}},"48":{"start":{"line":49,"column":0},"end":{"line":49,"column":18}},"50":{"start":{"line":51,"column":0},"end":{"line":51,"column":14}},"54":{"start":{"line":55,"column":0},"end":{"line":55,"column":10}},"55":{"start":{"line":56,"column":0},"end":{"line":56,"column":99}},"60":{"start":{"line":61,"column":0},"end":{"line":61,"column":17}},"61":{"start":{"line":62,"column":0},"end":{"line":62,"column":58}},"63":{"start":{"line":64,"column":0},"end":{"line":64,"column":16}}},"s":{"0":1,"5":1,"6":1,"7":1,"8":1,"9":1,"10":1,"11":1,"12":1,"13":1,"14":1,"16":1,"17":1,"18":1,"19":1,"20":1,"23":1,"24":1,"25":1,"44":1,"45":1,"46":1,"47":1,"48":1,"50":1,"54":1,"55":1,"60":1,"61":1,"63":1},"branchMap":{"0":{"type":"branch","line":61,"loc":{"start":{"line":61,"column":13},"end":{"line":61,"column":17}},"locations":[{"start":{"line":61,"column":13},"end":{"line":61,"column":17}}]},"1":{"type":"branch","line":61,"loc":{"start":{"line":61,"column":16},"end":{"line":61,"column":17}},"locations":[{"start":{"line":61,"column":16},"end":{"line":61,"column":17}}]}},"b":{"0":[16],"1":[16]},"fnMap":{},"f":{}}
,"/Users/mattlist/Developer/Matt/Web/Svelte/epic-events/src/lib/components/ui/button/index.ts": {"path":"/Users/mattlist/Developer/Matt/Web/Svelte/epic-events/src/lib/components/ui/button/index.ts","all":false,"statementMap":{"0":{"start":{"line":1,"column":0},"end":{"line":1,"column":14}}},"s":{"0":1},"branchMap":{},"b":{},"fnMap":{},"f":{}}
,"/Users/mattlist/Developer/Matt/Web/Svelte/epic-events/src/lib/components/ui/card/card-content.svelte": {"path":"/Users/mattlist/Developer/Matt/Web/Svelte/epic-events/src/lib/components/ui/card/card-content.svelte","all":true,"statementMap":{"0":{"start":{"line":1,"column":0},"end":{"line":1,"column":18}},"6":{"start":{"line":7,"column":0},"end":{"line":7,"column":24}},"9":{"start":{"line":10,"column":0},"end":{"line":10,"column":14}},"13":{"start":{"line":14,"column":0},"end":{"line":14,"column":65}}},"s":{"0":0,"6":0,"9":0,"13":0},"branchMap":{"0":{"type":"branch","line":1,"loc":{"start":{"line":1,"column":410},"end":{"line":16,"column":6}},"locations":[{"start":{"line":1,"column":410},"end":{"line":16,"column":6}}]}},"b":{"0":[0]},"fnMap":{"0":{"name":"(empty-report)","decl":{"start":{"line":1,"column":410},"end":{"line":16,"column":6}},"loc":{"start":{"line":1,"column":410},"end":{"line":16,"column":6}},"line":1}},"f":{"0":0}}
,"/Users/mattlist/Developer/Matt/Web/Svelte/epic-events/src/lib/components/ui/card/card-description.svelte": {"path":"/Users/mattlist/Developer/Matt/Web/Svelte/epic-events/src/lib/components/ui/card/card-description.svelte","all":true,"statementMap":{"0":{"start":{"line":1,"column":0},"end":{"line":1,"column":18}},"6":{"start":{"line":7,"column":0},"end":{"line":7,"column":24}},"9":{"start":{"line":10,"column":0},"end":{"line":10,"column":14}},"13":{"start":{"line":14,"column":0},"end":{"line":14,"column":89}}},"s":{"0":0,"6":0,"9":0,"13":0},"branchMap":{"0":{"type":"branch","line":1,"loc":{"start":{"line":1,"column":438},"end":{"line":16,"column":4}},"locations":[{"start":{"line":1,"column":438},"end":{"line":16,"column":4}}]}},"b":{"0":[0]},"fnMap":{"0":{"name":"(empty-report)","decl":{"start":{"line":1,"column":438},"end":{"line":16,"column":4}},"loc":{"start":{"line":1,"column":438},"end":{"line":16,"column":4}},"line":1}},"f":{"0":0}}
,"/Users/mattlist/Developer/Matt/Web/Svelte/epic-events/src/lib/components/ui/card/card-footer.svelte": {"path":"/Users/mattlist/Developer/Matt/Web/Svelte/epic-events/src/lib/components/ui/card/card-footer.svelte","all":true,"statementMap":{"0":{"start":{"line":1,"column":0},"end":{"line":1,"column":18}},"6":{"start":{"line":7,"column":0},"end":{"line":7,"column":24}},"9":{"start":{"line":10,"column":0},"end":{"line":10,"column":14}},"13":{"start":{"line":14,"column":0},"end":{"line":14,"column":88}}},"s":{"0":0,"6":0,"9":0,"13":0},"branchMap":{"0":{"type":"branch","line":1,"loc":{"start":{"line":1,"column":433},"end":{"line":16,"column":6}},"locations":[{"start":{"line":1,"column":433},"end":{"line":16,"column":6}}]}},"b":{"0":[0]},"fnMap":{"0":{"name":"(empty-report)","decl":{"start":{"line":1,"column":433},"end":{"line":16,"column":6}},"loc":{"start":{"line":1,"column":433},"end":{"line":16,"column":6}},"line":1}},"f":{"0":0}}
,"/Users/mattlist/Developer/Matt/Web/Svelte/epic-events/src/lib/components/ui/card/card-header.svelte": {"path":"/Users/mattlist/Developer/Matt/Web/Svelte/epic-events/src/lib/components/ui/card/card-header.svelte","all":true,"statementMap":{"0":{"start":{"line":1,"column":0},"end":{"line":1,"column":18}},"6":{"start":{"line":7,"column":0},"end":{"line":7,"column":24}},"9":{"start":{"line":10,"column":0},"end":{"line":10,"column":14}},"13":{"start":{"line":14,"column":0},"end":{"line":14,"column":96}}},"s":{"0":0,"6":0,"9":0,"13":0},"branchMap":{"0":{"type":"branch","line":1,"loc":{"start":{"line":1,"column":441},"end":{"line":16,"column":6}},"locations":[{"start":{"line":1,"column":441},"end":{"line":16,"column":6}}]}},"b":{"0":[0]},"fnMap":{"0":{"name":"(empty-report)","decl":{"start":{"line":1,"column":441},"end":{"line":16,"column":6}},"loc":{"start":{"line":1,"column":441},"end":{"line":16,"column":6}},"line":1}},"f":{"0":0}}
,"/Users/mattlist/Developer/Matt/Web/Svelte/epic-events/src/lib/components/ui/card/card-title.svelte": {"path":"/Users/mattlist/Developer/Matt/Web/Svelte/epic-events/src/lib/components/ui/card/card-title.svelte","all":true,"statementMap":{"0":{"start":{"line":1,"column":0},"end":{"line":1,"column":18}},"6":{"start":{"line":7,"column":0},"end":{"line":7,"column":24}},"8":{"start":{"line":9,"column":0},"end":{"line":9,"column":12}},"10":{"start":{"line":11,"column":0},"end":{"line":11,"column":14}},"18":{"start":{"line":19,"column":0},"end":{"line":19,"column":19}},"19":{"start":{"line":20,"column":0},"end":{"line":20,"column":16}},"20":{"start":{"line":21,"column":0},"end":{"line":21,"column":75}},"21":{"start":{"line":22,"column":0},"end":{"line":22,"column":15}}},"s":{"0":0,"6":0,"8":0,"10":0,"18":0,"19":0,"20":0,"21":0},"branchMap":{"0":{"type":"branch","line":1,"loc":{"start":{"line":1,"column":549},"end":{"line":25,"column":6}},"locations":[{"start":{"line":1,"column":549},"end":{"line":25,"column":6}}]}},"b":{"0":[0]},"fnMap":{"0":{"name":"(empty-report)","decl":{"start":{"line":1,"column":549},"end":{"line":25,"column":6}},"loc":{"start":{"line":1,"column":549},"end":{"line":25,"column":6}},"line":1}},"f":{"0":0}}
,"/Users/mattlist/Developer/Matt/Web/Svelte/epic-events/src/lib/components/ui/card/card.svelte": {"path":"/Users/mattlist/Developer/Matt/Web/Svelte/epic-events/src/lib/components/ui/card/card.svelte","all":true,"statementMap":{"0":{"start":{"line":1,"column":0},"end":{"line":1,"column":18}},"6":{"start":{"line":7,"column":0},"end":{"line":7,"column":24}},"9":{"start":{"line":10,"column":0},"end":{"line":10,"column":14}},"14":{"start":{"line":15,"column":0},"end":{"line":15,"column":16}},"15":{"start":{"line":16,"column":0},"end":{"line":16,"column":82}},"16":{"start":{"line":17,"column":0},"end":{"line":17,"column":15}}},"s":{"0":0,"6":0,"9":0,"14":0,"15":0,"16":0},"branchMap":{"0":{"type":"branch","line":1,"loc":{"start":{"line":1,"column":467},"end":{"line":20,"column":6}},"locations":[{"start":{"line":1,"column":467},"end":{"line":20,"column":6}}]}},"b":{"0":[0]},"fnMap":{"0":{"name":"(empty-report)","decl":{"start":{"line":1,"column":467},"end":{"line":20,"column":6}},"loc":{"start":{"line":1,"column":467},"end":{"line":20,"column":6}},"line":1}},"f":{"0":0}}
,"/Users/mattlist/Developer/Matt/Web/Svelte/epic-events/src/lib/components/ui/card/index.ts": {"path":"/Users/mattlist/Developer/Matt/Web/Svelte/epic-events/src/lib/components/ui/card/index.ts","all":true,"statementMap":{"0":{"start":{"line":1,"column":0},"end":{"line":1,"column":33}}},"s":{"0":0},"branchMap":{"0":{"type":"branch","line":1,"loc":{"start":{"line":1,"column":472},"end":{"line":22,"column":2}},"locations":[{"start":{"line":1,"column":472},"end":{"line":22,"column":2}}]}},"b":{"0":[0]},"fnMap":{"0":{"name":"(empty-report)","decl":{"start":{"line":1,"column":472},"end":{"line":22,"column":2}},"loc":{"start":{"line":1,"column":472},"end":{"line":22,"column":2}},"line":1}},"f":{"0":0}}
,"/Users/mattlist/Developer/Matt/Web/Svelte/epic-events/src/lib/components/ui/checkbox/checkbox.svelte": {"path":"/Users/mattlist/Developer/Matt/Web/Svelte/epic-events/src/lib/components/ui/checkbox/checkbox.svelte","all":false,"statementMap":{"0":{"start":{"line":1,"column":0},"end":{"line":1,"column":18}},"7":{"start":{"line":8,"column":0},"end":{"line":8,"column":24}},"8":{"start":{"line":9,"column":0},"end":{"line":9,"column":29}},"9":{"start":{"line":10,"column":0},"end":{"line":10,"column":35}},"11":{"start":{"line":12,"column":0},"end":{"line":12,"column":14}},"17":{"start":{"line":18,"column":0},"end":{"line":18,"column":11}},"18":{"start":{"line":19,"column":0},"end":{"line":19,"column":390}},"23":{"start":{"line":24,"column":0},"end":{"line":24,"column":15}},"25":{"start":{"line":26,"column":0},"end":{"line":26,"column":48}},"27":{"start":{"line":28,"column":0},"end":{"line":28,"column":22}},"30":{"start":{"line":31,"column":0},"end":{"line":31,"column":68}}},"s":{"0":1,"7":1,"8":1,"9":1,"11":1,"17":1,"18":1,"23":1,"25":1,"27":1,"30":1},"branchMap":{},"b":{},"fnMap":{},"f":{}}
,"/Users/mattlist/Developer/Matt/Web/Svelte/epic-events/src/lib/components/ui/checkbox/index.ts": {"path":"/Users/mattlist/Developer/Matt/Web/Svelte/epic-events/src/lib/components/ui/checkbox/index.ts","all":true,"statementMap":{"0":{"start":{"line":1,"column":0},"end":{"line":1,"column":37}}},"s":{"0":0},"branchMap":{"0":{"type":"branch","line":1,"loc":{"start":{"line":1,"column":0},"end":{"line":6,"column":-40}},"locations":[{"start":{"line":1,"column":0},"end":{"line":6,"column":-40}}]}},"b":{"0":[0]},"fnMap":{"0":{"name":"(empty-report)","decl":{"start":{"line":1,"column":0},"end":{"line":6,"column":-40}},"loc":{"start":{"line":1,"column":0},"end":{"line":6,"column":-40}},"line":1}},"f":{"0":0}}
,"/Users/mattlist/Developer/Matt/Web/Svelte/epic-events/src/lib/components/ui/drawer/drawer-content.svelte": {"path":"/Users/mattlist/Developer/Matt/Web/Svelte/epic-events/src/lib/components/ui/drawer/drawer-content.svelte","all":false,"statementMap":{"0":{"start":{"line":1,"column":0},"end":{"line":1,"column":18}},"6":{"start":{"line":7,"column":0},"end":{"line":7,"column":24}},"10":{"start":{"line":11,"column":0},"end":{"line":11,"column":14}},"20":{"start":{"line":21,"column":0},"end":{"line":21,"column":12}},"21":{"start":{"line":22,"column":0},"end":{"line":22,"column":91}},"24":{"start":{"line":25,"column":0},"end":{"line":25,"column":16}}},"s":{"0":1,"6":1,"10":1,"20":1,"21":1,"24":1},"branchMap":{},"b":{},"fnMap":{},"f":{}}
,"/Users/mattlist/Developer/Matt/Web/Svelte/epic-events/src/lib/components/ui/drawer/drawer-description.svelte": {"path":"/Users/mattlist/Developer/Matt/Web/Svelte/epic-events/src/lib/components/ui/drawer/drawer-description.svelte","all":false,"statementMap":{"0":{"start":{"line":1,"column":0},"end":{"line":1,"column":18}},"5":{"start":{"line":6,"column":0},"end":{"line":6,"column":24}},"7":{"start":{"line":8,"column":0},"end":{"line":8,"column":14}},"13":{"start":{"line":14,"column":0},"end":{"line":14,"column":55}},"14":{"start":{"line":15,"column":0},"end":{"line":15,"column":15}}},"s":{"0":1,"5":1,"7":1,"13":1,"14":1},"branchMap":{},"b":{},"fnMap":{},"f":{}}
,"/Users/mattlist/Developer/Matt/Web/Svelte/epic-events/src/lib/components/ui/drawer/drawer-footer.svelte": {"path":"/Users/mattlist/Developer/Matt/Web/Svelte/epic-events/src/lib/components/ui/drawer/drawer-footer.svelte","all":false,"statementMap":{"0":{"start":{"line":1,"column":0},"end":{"line":1,"column":18}},"6":{"start":{"line":7,"column":0},"end":{"line":7,"column":24}},"9":{"start":{"line":10,"column":0},"end":{"line":10,"column":14}},"13":{"start":{"line":14,"column":0},"end":{"line":14,"column":93}}},"s":{"0":1,"6":1,"9":1,"13":1},"branchMap":{},"b":{},"fnMap":{},"f":{}}
,"/Users/mattlist/Developer/Matt/Web/Svelte/epic-events/src/lib/components/ui/drawer/drawer-header.svelte": {"path":"/Users/mattlist/Developer/Matt/Web/Svelte/epic-events/src/lib/components/ui/drawer/drawer-header.svelte","all":false,"statementMap":{"0":{"start":{"line":1,"column":0},"end":{"line":1,"column":18}},"6":{"start":{"line":7,"column":0},"end":{"line":7,"column":24}},"9":{"start":{"line":10,"column":0},"end":{"line":10,"column":14}},"14":{"start":{"line":15,"column":0},"end":{"line":15,"column":16}},"15":{"start":{"line":16,"column":0},"end":{"line":16,"column":67}},"16":{"start":{"line":17,"column":0},"end":{"line":17,"column":15}}},"s":{"0":1,"6":1,"9":1,"14":1,"15":1,"16":1},"branchMap":{},"b":{},"fnMap":{},"f":{}}
,"/Users/mattlist/Developer/Matt/Web/Svelte/epic-events/src/lib/components/ui/drawer/drawer-nested.svelte": {"path":"/Users/mattlist/Developer/Matt/Web/Svelte/epic-events/src/lib/components/ui/drawer/drawer-nested.svelte","all":false,"statementMap":{"0":{"start":{"line":1,"column":0},"end":{"line":1,"column":18}},"4":{"start":{"line":5,"column":0},"end":{"line":5,"column":31}},"5":{"start":{"line":6,"column":0},"end":{"line":6,"column":26}},"6":{"start":{"line":7,"column":0},"end":{"line":7,"column":36}},"7":{"start":{"line":8,"column":0},"end":{"line":8,"column":14}},"11":{"start":{"line":12,"column":0},"end":{"line":12,"column":100}}},"s":{"0":1,"4":1,"5":1,"6":1,"7":1,"11":1},"branchMap":{},"b":{},"fnMap":{},"f":{}}
,"/Users/mattlist/Developer/Matt/Web/Svelte/epic-events/src/lib/components/ui/drawer/drawer-overlay.svelte": {"path":"/Users/mattlist/Developer/Matt/Web/Svelte/epic-events/src/lib/components/ui/drawer/drawer-overlay.svelte","all":false,"statementMap":{"0":{"start":{"line":1,"column":0},"end":{"line":1,"column":18}},"5":{"start":{"line":6,"column":0},"end":{"line":6,"column":24}},"7":{"start":{"line":8,"column":0},"end":{"line":8,"column":14}},"13":{"start":{"line":14,"column":0},"end":{"line":14,"column":56}},"14":{"start":{"line":15,"column":0},"end":{"line":15,"column":15}}},"s":{"0":1,"5":1,"7":1,"13":1,"14":1},"branchMap":{},"b":{},"fnMap":{},"f":{}}
,"/Users/mattlist/Developer/Matt/Web/Svelte/epic-events/src/lib/components/ui/drawer/drawer-title.svelte": {"path":"/Users/mattlist/Developer/Matt/Web/Svelte/epic-events/src/lib/components/ui/drawer/drawer-title.svelte","all":false,"statementMap":{"0":{"start":{"line":1,"column":0},"end":{"line":1,"column":18}},"5":{"start":{"line":6,"column":0},"end":{"line":6,"column":24}},"7":{"start":{"line":8,"column":0},"end":{"line":8,"column":14}},"13":{"start":{"line":14,"column":0},"end":{"line":14,"column":75}},"14":{"start":{"line":15,"column":0},"end":{"line":15,"column":15}}},"s":{"0":1,"5":1,"7":1,"13":1,"14":1},"branchMap":{},"b":{},"fnMap":{},"f":{}}
,"/Users/mattlist/Developer/Matt/Web/Svelte/epic-events/src/lib/components/ui/drawer/drawer.svelte": {"path":"/Users/mattlist/Developer/Matt/Web/Svelte/epic-events/src/lib/components/ui/drawer/drawer.svelte","all":false,"statementMap":{"0":{"start":{"line":1,"column":0},"end":{"line":1,"column":18}},"4":{"start":{"line":5,"column":0},"end":{"line":5,"column":31}},"5":{"start":{"line":6,"column":0},"end":{"line":6,"column":26}},"6":{"start":{"line":7,"column":0},"end":{"line":7,"column":36}},"7":{"start":{"line":8,"column":0},"end":{"line":8,"column":14}},"11":{"start":{"line":12,"column":0},"end":{"line":12,"column":94}}},"s":{"0":1,"4":1,"5":1,"6":1,"7":1,"11":1},"branchMap":{},"b":{},"fnMap":{},"f":{}}
,"/Users/mattlist/Developer/Matt/Web/Svelte/epic-events/src/lib/components/ui/drawer/index.ts": {"path":"/Users/mattlist/Developer/Matt/Web/Svelte/epic-events/src/lib/components/ui/drawer/index.ts","all":false,"statementMap":{"0":{"start":{"line":1,"column":0},"end":{"line":1,"column":56}},"11":{"start":{"line":12,"column":0},"end":{"line":12,"column":72}},"12":{"start":{"line":13,"column":0},"end":{"line":13,"column":69}},"13":{"start":{"line":14,"column":0},"end":{"line":14,"column":66}}},"s":{"0":1,"11":1,"12":1,"13":1},"branchMap":{},"b":{},"fnMap":{},"f":{}}
,"/Users/mattlist/Developer/Matt/Web/Svelte/epic-events/src/lib/components/ui/input/index.ts": {"path":"/Users/mattlist/Developer/Matt/Web/Svelte/epic-events/src/lib/components/ui/input/index.ts","all":false,"statementMap":{"0":{"start":{"line":1,"column":0},"end":{"line":1,"column":34}}},"s":{"0":1},"branchMap":{},"b":{},"fnMap":{},"f":{}}
,"/Users/mattlist/Developer/Matt/Web/Svelte/epic-events/src/lib/components/ui/input/input.svelte": {"path":"/Users/mattlist/Developer/Matt/Web/Svelte/epic-events/src/lib/components/ui/input/input.svelte","all":false,"statementMap":{"0":{"start":{"line":1,"column":0},"end":{"line":1,"column":18}},"6":{"start":{"line":7,"column":0},"end":{"line":7,"column":24}},"7":{"start":{"line":8,"column":0},"end":{"line":8,"column":22}},"9":{"start":{"line":10,"column":0},"end":{"line":10,"column":14}},"14":{"start":{"line":15,"column":0},"end":{"line":15,"column":16}},"15":{"start":{"line":16,"column":0},"end":{"line":16,"column":11}},"16":{"start":{"line":17,"column":0},"end":{"line":17,"column":353}},"20":{"start":{"line":21,"column":0},"end":{"line":21,"column":15}}},"s":{"0":1,"6":1,"7":1,"9":1,"14":1,"15":1,"16":1,"20":1},"branchMap":{},"b":{},"fnMap":{},"f":{}}
,"/Users/mattlist/Developer/Matt/Web/Svelte/epic-events/src/lib/components/ui/label/index.ts": {"path":"/Users/mattlist/Developer/Matt/Web/Svelte/epic-events/src/lib/components/ui/label/index.ts","all":false,"statementMap":{"0":{"start":{"line":1,"column":0},"end":{"line":1,"column":34}}},"s":{"0":1},"branchMap":{},"b":{},"fnMap":{},"f":{}}
,"/Users/mattlist/Developer/Matt/Web/Svelte/epic-events/src/lib/components/ui/label/label.svelte": {"path":"/Users/mattlist/Developer/Matt/Web/Svelte/epic-events/src/lib/components/ui/label/label.svelte","all":false,"statementMap":{"0":{"start":{"line":1,"column":0},"end":{"line":1,"column":18}},"5":{"start":{"line":6,"column":0},"end":{"line":6,"column":24}},"7":{"start":{"line":8,"column":0},"end":{"line":8,"column":14}},"13":{"start":{"line":14,"column":0},"end":{"line":14,"column":11}},"14":{"start":{"line":15,"column":0},"end":{"line":15,"column":95}},"17":{"start":{"line":18,"column":0},"end":{"line":18,"column":15}}},"s":{"0":1,"5":1,"7":1,"13":1,"14":1,"17":1},"branchMap":{},"b":{},"fnMap":{},"f":{}}
,"/Users/mattlist/Developer/Matt/Web/Svelte/epic-events/src/lib/components/ui/select/index.ts": {"path":"/Users/mattlist/Developer/Matt/Web/Svelte/epic-events/src/lib/components/ui/select/index.ts","all":true,"statementMap":{"0":{"start":{"line":1,"column":0},"end":{"line":1,"column":52}},"10":{"start":{"line":11,"column":0},"end":{"line":11,"column":34}},"11":{"start":{"line":12,"column":0},"end":{"line":12,"column":36}}},"s":{"0":0,"10":0,"11":0},"branchMap":{"0":{"type":"branch","line":1,"loc":{"start":{"line":1,"column":891},"end":{"line":34,"column":2}},"locations":[{"start":{"line":1,"column":891},"end":{"line":34,"column":2}}]}},"b":{"0":[0]},"fnMap":{"0":{"name":"(empty-report)","decl":{"start":{"line":1,"column":891},"end":{"line":34,"column":2}},"loc":{"start":{"line":1,"column":891},"end":{"line":34,"column":2}},"line":1}},"f":{"0":0}}
,"/Users/mattlist/Developer/Matt/Web/Svelte/epic-events/src/lib/components/ui/select/select-content.svelte": {"path":"/Users/mattlist/Developer/Matt/Web/Svelte/epic-events/src/lib/components/ui/select/select-content.svelte","all":true,"statementMap":{"0":{"start":{"line":1,"column":0},"end":{"line":1,"column":18}},"7":{"start":{"line":8,"column":0},"end":{"line":8,"column":24}},"9":{"start":{"line":10,"column":0},"end":{"line":10,"column":17}},"11":{"start":{"line":12,"column":0},"end":{"line":12,"column":14}},"19":{"start":{"line":20,"column":0},"end":{"line":20,"column":12}},"20":{"start":{"line":21,"column":0},"end":{"line":21,"column":585}},"23":{"start":{"line":24,"column":0},"end":{"line":24,"column":16}},"27":{"start":{"line":28,"column":0},"end":{"line":28,"column":13}},"28":{"start":{"line":29,"column":0},"end":{"line":29,"column":93}}},"s":{"0":0,"7":0,"9":0,"11":0,"19":0,"20":0,"23":0,"27":0,"28":0},"branchMap":{"0":{"type":"branch","line":1,"loc":{"start":{"line":1,"column":0},"end":{"line":36,"column":-1071}},"locations":[{"start":{"line":1,"column":0},"end":{"line":36,"column":-1071}}]}},"b":{"0":[0]},"fnMap":{"0":{"name":"(empty-report)","decl":{"start":{"line":1,"column":0},"end":{"line":36,"column":-1071}},"loc":{"start":{"line":1,"column":0},"end":{"line":36,"column":-1071}},"line":1}},"f":{"0":0}}
,"/Users/mattlist/Developer/Matt/Web/Svelte/epic-events/src/lib/components/ui/select/select-group-heading.svelte": {"path":"/Users/mattlist/Developer/Matt/Web/Svelte/epic-events/src/lib/components/ui/select/select-group-heading.svelte","all":true,"statementMap":{"0":{"start":{"line":1,"column":0},"end":{"line":1,"column":18}},"5":{"start":{"line":6,"column":0},"end":{"line":6,"column":24}},"7":{"start":{"line":8,"column":0},"end":{"line":8,"column":14}},"13":{"start":{"line":14,"column":0},"end":{"line":14,"column":64}},"14":{"start":{"line":15,"column":0},"end":{"line":15,"column":15}}},"s":{"0":0,"5":0,"7":0,"13":0,"14":0},"branchMap":{"0":{"type":"branch","line":1,"loc":{"start":{"line":1,"column":362},"end":{"line":16,"column":2}},"locations":[{"start":{"line":1,"column":362},"end":{"line":16,"column":2}}]}},"b":{"0":[0]},"fnMap":{"0":{"name":"(empty-report)","decl":{"start":{"line":1,"column":362},"end":{"line":16,"column":2}},"loc":{"start":{"line":1,"column":362},"end":{"line":16,"column":2}},"line":1}},"f":{"0":0}}
,"/Users/mattlist/Developer/Matt/Web/Svelte/epic-events/src/lib/components/ui/select/select-item.svelte": {"path":"/Users/mattlist/Developer/Matt/Web/Svelte/epic-events/src/lib/components/ui/select/select-item.svelte","all":true,"statementMap":{"0":{"start":{"line":1,"column":0},"end":{"line":1,"column":18}},"6":{"start":{"line":7,"column":0},"end":{"line":7,"column":24}},"11":{"start":{"line":12,"column":0},"end":{"line":12,"column":14}},"18":{"start":{"line":19,"column":0},"end":{"line":19,"column":11}},"19":{"start":{"line":20,"column":0},"end":{"line":20,"column":248}},"22":{"start":{"line":23,"column":0},"end":{"line":23,"column":15}},"24":{"start":{"line":25,"column":0},"end":{"line":25,"column":47}},"26":{"start":{"line":27,"column":0},"end":{"line":27,"column":17}},"31":{"start":{"line":32,"column":0},"end":{"line":32,"column":52}}},"s":{"0":0,"6":0,"11":0,"18":0,"19":0,"22":0,"24":0,"26":0,"31":0},"branchMap":{"0":{"type":"branch","line":1,"loc":{"start":{"line":1,"column":1028},"end":{"line":37,"column":23}},"locations":[{"start":{"line":1,"column":1028},"end":{"line":37,"column":23}}]}},"b":{"0":[0]},"fnMap":{"0":{"name":"(empty-report)","decl":{"start":{"line":1,"column":1028},"end":{"line":37,"column":23}},"loc":{"start":{"line":1,"column":1028},"end":{"line":37,"column":23}},"line":1}},"f":{"0":0}}
,"/Users/mattlist/Developer/Matt/Web/Svelte/epic-events/src/lib/components/ui/select/select-scroll-down-button.svelte": {"path":"/Users/mattlist/Developer/Matt/Web/Svelte/epic-events/src/lib/components/ui/select/select-scroll-down-button.svelte","all":true,"statementMap":{"0":{"start":{"line":1,"column":0},"end":{"line":1,"column":18}},"6":{"start":{"line":7,"column":0},"end":{"line":7,"column":24}},"8":{"start":{"line":9,"column":0},"end":{"line":9,"column":14}},"14":{"start":{"line":15,"column":0},"end":{"line":15,"column":78}},"15":{"start":{"line":16,"column":0},"end":{"line":16,"column":15}}},"s":{"0":0,"6":0,"8":0,"14":0,"15":0},"branchMap":{"0":{"type":"branch","line":1,"loc":{"start":{"line":1,"column":565},"end":{"line":19,"column":35}},"locations":[{"start":{"line":1,"column":565},"end":{"line":19,"column":35}}]}},"b":{"0":[0]},"fnMap":{"0":{"name":"(empty-report)","decl":{"start":{"line":1,"column":565},"end":{"line":19,"column":35}},"loc":{"start":{"line":1,"column":565},"end":{"line":19,"column":35}},"line":1}},"f":{"0":0}}
,"/Users/mattlist/Developer/Matt/Web/Svelte/epic-events/src/lib/components/ui/select/select-scroll-up-button.svelte": {"path":"/Users/mattlist/Developer/Matt/Web/Svelte/epic-events/src/lib/components/ui/select/select-scroll-up-button.svelte","all":true,"statementMap":{"0":{"start":{"line":1,"column":0},"end":{"line":1,"column":18}},"6":{"start":{"line":7,"column":0},"end":{"line":7,"column":24}},"8":{"start":{"line":9,"column":0},"end":{"line":9,"column":14}},"14":{"start":{"line":15,"column":0},"end":{"line":15,"column":78}},"15":{"start":{"line":16,"column":0},"end":{"line":16,"column":15}}},"s":{"0":0,"6":0,"8":0,"14":0,"15":0},"branchMap":{"0":{"type":"branch","line":1,"loc":{"start":{"line":1,"column":553},"end":{"line":19,"column":33}},"locations":[{"start":{"line":1,"column":553},"end":{"line":19,"column":33}}]}},"b":{"0":[0]},"fnMap":{"0":{"name":"(empty-report)","decl":{"start":{"line":1,"column":553},"end":{"line":19,"column":33}},"loc":{"start":{"line":1,"column":553},"end":{"line":19,"column":33}},"line":1}},"f":{"0":0}}
,"/Users/mattlist/Developer/Matt/Web/Svelte/epic-events/src/lib/components/ui/select/select-separator.svelte": {"path":"/Users/mattlist/Developer/Matt/Web/Svelte/epic-events/src/lib/components/ui/select/select-separator.svelte","all":true,"statementMap":{"0":{"start":{"line":1,"column":0},"end":{"line":1,"column":18}},"6":{"start":{"line":7,"column":0},"end":{"line":7,"column":24}},"8":{"start":{"line":9,"column":0},"end":{"line":9,"column":14}},"12":{"start":{"line":13,"column":0},"end":{"line":13,"column":87}}},"s":{"0":0,"6":0,"8":0,"12":0},"branchMap":{"0":{"type":"branch","line":1,"loc":{"start":{"line":1,"column":400},"end":{"line":13,"column":87}},"locations":[{"start":{"line":1,"column":400},"end":{"line":13,"column":87}}]}},"b":{"0":[0]},"fnMap":{"0":{"name":"(empty-report)","decl":{"start":{"line":1,"column":400},"end":{"line":13,"column":87}},"loc":{"start":{"line":1,"column":400},"end":{"line":13,"column":87}},"line":1}},"f":{"0":0}}
,"/Users/mattlist/Developer/Matt/Web/Svelte/epic-events/src/lib/components/ui/select/select-trigger.svelte": {"path":"/Users/mattlist/Developer/Matt/Web/Svelte/epic-events/src/lib/components/ui/select/select-trigger.svelte","all":true,"statementMap":{"0":{"start":{"line":1,"column":0},"end":{"line":1,"column":18}},"6":{"start":{"line":7,"column":0},"end":{"line":7,"column":24}},"9":{"start":{"line":10,"column":0},"end":{"line":10,"column":14}},"15":{"start":{"line":16,"column":0},"end":{"line":16,"column":11}},"16":{"start":{"line":17,"column":0},"end":{"line":17,"column":315}},"19":{"start":{"line":20,"column":0},"end":{"line":20,"column":15}}},"s":{"0":0,"6":0,"9":0,"15":0,"16":0,"19":0},"branchMap":{"0":{"type":"branch","line":1,"loc":{"start":{"line":1,"column":830},"end":{"line":24,"column":26}},"locations":[{"start":{"line":1,"column":830},"end":{"line":24,"column":26}}]}},"b":{"0":[0]},"fnMap":{"0":{"name":"(empty-report)","decl":{"start":{"line":1,"column":830},"end":{"line":24,"column":26}},"loc":{"start":{"line":1,"column":830},"end":{"line":24,"column":26}},"line":1}},"f":{"0":0}}
,"/Users/mattlist/Developer/Matt/Web/Svelte/epic-events/src/lib/components/ui/separator/index.ts": {"path":"/Users/mattlist/Developer/Matt/Web/Svelte/epic-events/src/lib/components/ui/separator/index.ts","all":true,"statementMap":{"0":{"start":{"line":1,"column":0},"end":{"line":1,"column":38}}},"s":{"0":0},"branchMap":{"0":{"type":"branch","line":1,"loc":{"start":{"line":1,"column":0},"end":{"line":7,"column":-42}},"locations":[{"start":{"line":1,"column":0},"end":{"line":7,"column":-42}}]}},"b":{"0":[0]},"fnMap":{"0":{"name":"(empty-report)","decl":{"start":{"line":1,"column":0},"end":{"line":7,"column":-42}},"loc":{"start":{"line":1,"column":0},"end":{"line":7,"column":-42}},"line":1}},"f":{"0":0}}
,"/Users/mattlist/Developer/Matt/Web/Svelte/epic-events/src/lib/components/ui/separator/separator.svelte": {"path":"/Users/mattlist/Developer/Matt/Web/Svelte/epic-events/src/lib/components/ui/separator/separator.svelte","all":true,"statementMap":{"0":{"start":{"line":1,"column":0},"end":{"line":1,"column":18}},"5":{"start":{"line":6,"column":0},"end":{"line":6,"column":24}},"7":{"start":{"line":8,"column":0},"end":{"line":8,"column":29}},"8":{"start":{"line":9,"column":0},"end":{"line":9,"column":14}},"14":{"start":{"line":15,"column":0},"end":{"line":15,"column":11}},"15":{"start":{"line":16,"column":0},"end":{"line":16,"column":23}},"16":{"start":{"line":17,"column":0},"end":{"line":17,"column":73}},"20":{"start":{"line":21,"column":0},"end":{"line":21,"column":15}}},"s":{"0":0,"5":0,"7":0,"8":0,"14":0,"15":0,"16":0,"20":0},"branchMap":{"0":{"type":"branch","line":1,"loc":{"start":{"line":1,"column":464},"end":{"line":22,"column":2}},"locations":[{"start":{"line":1,"column":464},"end":{"line":22,"column":2}}]}},"b":{"0":[0]},"fnMap":{"0":{"name":"(empty-report)","decl":{"start":{"line":1,"column":464},"end":{"line":22,"column":2}},"loc":{"start":{"line":1,"column":464},"end":{"line":22,"column":2}},"line":1}},"f":{"0":0}}
,"/Users/mattlist/Developer/Matt/Web/Svelte/epic-events/src/lib/components/ui/table/index.ts": {"path":"/Users/mattlist/Developer/Matt/Web/Svelte/epic-events/src/lib/components/ui/table/index.ts","all":false,"statementMap":{"0":{"start":{"line":1,"column":0},"end":{"line":1,"column":34}}},"s":{"0":1},"branchMap":{},"b":{},"fnMap":{},"f":{}}
,"/Users/mattlist/Developer/Matt/Web/Svelte/epic-events/src/lib/components/ui/table/table-body.svelte": {"path":"/Users/mattlist/Developer/Matt/Web/Svelte/epic-events/src/lib/components/ui/table/table-body.svelte","all":false,"statementMap":{"0":{"start":{"line":1,"column":0},"end":{"line":1,"column":18}},"6":{"start":{"line":7,"column":0},"end":{"line":7,"column":24}},"9":{"start":{"line":10,"column":0},"end":{"line":10,"column":14}},"13":{"start":{"line":14,"column":0},"end":{"line":14,"column":91}}},"s":{"0":1,"6":1,"9":1,"13":1},"branchMap":{"0":{"type":"branch","line":14,"loc":{"start":{"line":14,"column":18},"end":{"line":14,"column":30}},"locations":[{"start":{"line":14,"column":18},"end":{"line":14,"column":30}}]},"1":{"type":"branch","line":14,"loc":{"start":{"line":14,"column":21},"end":{"line":14,"column":30}},"locations":[{"start":{"line":14,"column":21},"end":{"line":14,"column":30}}]}},"b":{"0":[4],"1":[4]},"fnMap":{},"f":{}}
,"/Users/mattlist/Developer/Matt/Web/Svelte/epic-events/src/lib/components/ui/table/table-caption.svelte": {"path":"/Users/mattlist/Developer/Matt/Web/Svelte/epic-events/src/lib/components/ui/table/table-caption.svelte","all":false,"statementMap":{"0":{"start":{"line":1,"column":0},"end":{"line":1,"column":18}},"6":{"start":{"line":7,"column":0},"end":{"line":7,"column":24}},"9":{"start":{"line":10,"column":0},"end":{"line":10,"column":14}},"13":{"start":{"line":14,"column":0},"end":{"line":14,"column":100}}},"s":{"0":1,"6":1,"9":1,"13":1},"branchMap":{"0":{"type":"branch","line":14,"loc":{"start":{"line":14,"column":20},"end":{"line":14,"column":32}},"locations":[{"start":{"line":14,"column":20},"end":{"line":14,"column":32}}]},"1":{"type":"branch","line":14,"loc":{"start":{"line":14,"column":23},"end":{"line":14,"column":32}},"locations":[{"start":{"line":14,"column":23},"end":{"line":14,"column":32}}]}},"b":{"0":[4],"1":[4]},"fnMap":{},"f":{}}
,"/Users/mattlist/Developer/Matt/Web/Svelte/epic-events/src/lib/components/ui/table/table-cell.svelte": {"path":"/Users/mattlist/Developer/Matt/Web/Svelte/epic-events/src/lib/components/ui/table/table-cell.svelte","all":false,"statementMap":{"0":{"start":{"line":1,"column":0},"end":{"line":1,"column":18}},"6":{"start":{"line":7,"column":0},"end":{"line":7,"column":24}},"9":{"start":{"line":10,"column":0},"end":{"line":10,"column":14}},"14":{"start":{"line":15,"column":0},"end":{"line":15,"column":16}},"15":{"start":{"line":16,"column":0},"end":{"line":16,"column":72}},"16":{"start":{"line":17,"column":0},"end":{"line":17,"column":15}}},"s":{"0":1,"6":1,"9":1,"14":1,"15":1,"16":1},"branchMap":{"0":{"type":"branch","line":15,"loc":{"start":{"line":15,"column":12},"end":{"line":15,"column":16}},"locations":[{"start":{"line":15,"column":12},"end":{"line":15,"column":16}}]},"1":{"type":"branch","line":15,"loc":{"start":{"line":15,"column":15},"end":{"line":15,"column":16}},"locations":[{"start":{"line":15,"column":15},"end":{"line":15,"column":16}}]}},"b":{"0":[84],"1":[84]},"fnMap":{},"f":{}}
,"/Users/mattlist/Developer/Matt/Web/Svelte/epic-events/src/lib/components/ui/table/table-footer.svelte": {"path":"/Users/mattlist/Developer/Matt/Web/Svelte/epic-events/src/lib/components/ui/table/table-footer.svelte","all":false,"statementMap":{"0":{"start":{"line":1,"column":0},"end":{"line":1,"column":18}},"6":{"start":{"line":7,"column":0},"end":{"line":7,"column":24}},"9":{"start":{"line":10,"column":0},"end":{"line":10,"column":14}},"13":{"start":{"line":14,"column":0},"end":{"line":14,"column":87}}},"s":{"0":1,"6":1,"9":1,"13":1},"branchMap":{},"b":{},"fnMap":{},"f":{}}
,"/Users/mattlist/Developer/Matt/Web/Svelte/epic-events/src/lib/components/ui/table/table-head.svelte": {"path":"/Users/mattlist/Developer/Matt/Web/Svelte/epic-events/src/lib/components/ui/table/table-head.svelte","all":false,"statementMap":{"0":{"start":{"line":1,"column":0},"end":{"line":1,"column":18}},"6":{"start":{"line":7,"column":0},"end":{"line":7,"column":24}},"9":{"start":{"line":10,"column":0},"end":{"line":10,"column":14}},"14":{"start":{"line":15,"column":0},"end":{"line":15,"column":16}},"15":{"start":{"line":16,"column":0},"end":{"line":16,"column":11}},"16":{"start":{"line":17,"column":0},"end":{"line":17,"column":101}},"19":{"start":{"line":20,"column":0},"end":{"line":20,"column":15}}},"s":{"0":1,"6":1,"9":1,"14":1,"15":1,"16":1,"19":1},"branchMap":{"0":{"type":"branch","line":15,"loc":{"start":{"line":15,"column":12},"end":{"line":15,"column":16}},"locations":[{"start":{"line":15,"column":12},"end":{"line":15,"column":16}}]},"1":{"type":"branch","line":15,"loc":{"start":{"line":15,"column":15},"end":{"line":15,"column":16}},"locations":[{"start":{"line":15,"column":15},"end":{"line":15,"column":16}}]}},"b":{"0":[28],"1":[28]},"fnMap":{},"f":{}}
,"/Users/mattlist/Developer/Matt/Web/Svelte/epic-events/src/lib/components/ui/table/table-header.svelte": {"path":"/Users/mattlist/Developer/Matt/Web/Svelte/epic-events/src/lib/components/ui/table/table-header.svelte","all":false,"statementMap":{"0":{"start":{"line":1,"column":0},"end":{"line":1,"column":18}},"6":{"start":{"line":7,"column":0},"end":{"line":7,"column":24}},"9":{"start":{"line":10,"column":0},"end":{"line":10,"column":14}},"13":{"start":{"line":14,"column":0},"end":{"line":14,"column":79}}},"s":{"0":1,"6":1,"9":1,"13":1},"branchMap":{"0":{"type":"branch","line":14,"loc":{"start":{"line":14,"column":18},"end":{"line":14,"column":30}},"locations":[{"start":{"line":14,"column":18},"end":{"line":14,"column":30}}]},"1":{"type":"branch","line":14,"loc":{"start":{"line":14,"column":21},"end":{"line":14,"column":30}},"locations":[{"start":{"line":14,"column":21},"end":{"line":14,"column":30}}]}},"b":{"0":[4],"1":[4]},"fnMap":{},"f":{}}
,"/Users/mattlist/Developer/Matt/Web/Svelte/epic-events/src/lib/components/ui/table/table-row.svelte": {"path":"/Users/mattlist/Developer/Matt/Web/Svelte/epic-events/src/lib/components/ui/table/table-row.svelte","all":false,"statementMap":{"0":{"start":{"line":1,"column":0},"end":{"line":1,"column":18}},"6":{"start":{"line":7,"column":0},"end":{"line":7,"column":24}},"9":{"start":{"line":10,"column":0},"end":{"line":10,"column":14}},"14":{"start":{"line":15,"column":0},"end":{"line":15,"column":16}},"15":{"start":{"line":16,"column":0},"end":{"line":16,"column":11}},"16":{"start":{"line":17,"column":0},"end":{"line":17,"column":80}},"19":{"start":{"line":20,"column":0},"end":{"line":20,"column":15}}},"s":{"0":1,"6":1,"9":1,"14":1,"15":1,"16":1,"19":1},"branchMap":{"0":{"type":"branch","line":15,"loc":{"start":{"line":15,"column":12},"end":{"line":15,"column":16}},"locations":[{"start":{"line":15,"column":12},"end":{"line":15,"column":16}}]},"1":{"type":"branch","line":15,"loc":{"start":{"line":15,"column":15},"end":{"line":15,"column":16}},"locations":[{"start":{"line":15,"column":15},"end":{"line":15,"column":16}}]}},"b":{"0":[16],"1":[16]},"fnMap":{},"f":{}}
,"/Users/mattlist/Developer/Matt/Web/Svelte/epic-events/src/lib/components/ui/table/table.svelte": {"path":"/Users/mattlist/Developer/Matt/Web/Svelte/epic-events/src/lib/components/ui/table/table.svelte","all":false,"statementMap":{"0":{"start":{"line":1,"column":0},"end":{"line":1,"column":18}},"6":{"start":{"line":7,"column":0},"end":{"line":7,"column":24}},"9":{"start":{"line":10,"column":0},"end":{"line":10,"column":14}},"14":{"start":{"line":15,"column":0},"end":{"line":15,"column":94}}},"s":{"0":1,"6":1,"9":1,"14":1},"branchMap":{"0":{"type":"branch","line":15,"loc":{"start":{"line":15,"column":19},"end":{"line":15,"column":31}},"locations":[{"start":{"line":15,"column":19},"end":{"line":15,"column":31}}]},"1":{"type":"branch","line":15,"loc":{"start":{"line":15,"column":22},"end":{"line":15,"column":31}},"locations":[{"start":{"line":15,"column":22},"end":{"line":15,"column":31}}]}},"b":{"0":[4],"1":[4]},"fnMap":{},"f":{}}
,"/Users/mattlist/Developer/Matt/Web/Svelte/epic-events/src/lib/components/ui/tabs/index.ts": {"path":"/Users/mattlist/Developer/Matt/Web/Svelte/epic-events/src/lib/components/ui/tabs/index.ts","all":false,"statementMap":{"0":{"start":{"line":1,"column":0},"end":{"line":1,"column":48}},"5":{"start":{"line":6,"column":0},"end":{"line":6,"column":32}}},"s":{"0":1,"5":1},"branchMap":{},"b":{},"fnMap":{},"f":{}}
,"/Users/mattlist/Developer/Matt/Web/Svelte/epic-events/src/lib/components/ui/tabs/tabs-content.svelte": {"path":"/Users/mattlist/Developer/Matt/Web/Svelte/epic-events/src/lib/components/ui/tabs/tabs-content.svelte","all":false,"statementMap":{"0":{"start":{"line":1,"column":0},"end":{"line":1,"column":18}},"5":{"start":{"line":6,"column":0},"end":{"line":6,"column":24}},"7":{"start":{"line":8,"column":0},"end":{"line":8,"column":14}},"13":{"start":{"line":14,"column":0},"end":{"line":14,"column":11}},"14":{"start":{"line":15,"column":0},"end":{"line":15,"column":132}},"17":{"start":{"line":18,"column":0},"end":{"line":18,"column":15}}},"s":{"0":1,"5":1,"7":1,"13":1,"14":1,"17":1},"branchMap":{},"b":{},"fnMap":{},"f":{}}
,"/Users/mattlist/Developer/Matt/Web/Svelte/epic-events/src/lib/components/ui/tabs/tabs-list.svelte": {"path":"/Users/mattlist/Developer/Matt/Web/Svelte/epic-events/src/lib/components/ui/tabs/tabs-list.svelte","all":false,"statementMap":{"0":{"start":{"line":1,"column":0},"end":{"line":1,"column":18}},"5":{"start":{"line":6,"column":0},"end":{"line":6,"column":24}},"7":{"start":{"line":8,"column":0},"end":{"line":8,"column":14}},"13":{"start":{"line":14,"column":0},"end":{"line":14,"column":11}},"14":{"start":{"line":15,"column":0},"end":{"line":15,"column":95}},"17":{"start":{"line":18,"column":0},"end":{"line":18,"column":15}}},"s":{"0":1,"5":1,"7":1,"13":1,"14":1,"17":1},"branchMap":{},"b":{},"fnMap":{},"f":{}}
,"/Users/mattlist/Developer/Matt/Web/Svelte/epic-events/src/lib/components/ui/tabs/tabs-trigger.svelte": {"path":"/Users/mattlist/Developer/Matt/Web/Svelte/epic-events/src/lib/components/ui/tabs/tabs-trigger.svelte","all":false,"statementMap":{"0":{"start":{"line":1,"column":0},"end":{"line":1,"column":18}},"5":{"start":{"line":6,"column":0},"end":{"line":6,"column":24}},"7":{"start":{"line":8,"column":0},"end":{"line":8,"column":14}},"13":{"start":{"line":14,"column":0},"end":{"line":14,"column":11}},"14":{"start":{"line":15,"column":0},"end":{"line":15,"column":392}},"17":{"start":{"line":18,"column":0},"end":{"line":18,"column":15}}},"s":{"0":1,"5":1,"7":1,"13":1,"14":1,"17":1},"branchMap":{},"b":{},"fnMap":{},"f":{}}
,"/Users/mattlist/Developer/Matt/Web/Svelte/epic-events/src/lib/server/db/index.ts": {"path":"/Users/mattlist/Developer/Matt/Web/Svelte/epic-events/src/lib/server/db/index.ts","all":true,"statementMap":{"0":{"start":{"line":1,"column":0},"end":{"line":1,"column":48}},"5":{"start":{"line":6,"column":0},"end":{"line":6,"column":66}},"6":{"start":{"line":7,"column":0},"end":{"line":7,"column":38}},"7":{"start":{"line":8,"column":0},"end":{"line":8,"column":46}}},"s":{"0":0,"5":0,"6":0,"7":0},"branchMap":{"0":{"type":"branch","line":1,"loc":{"start":{"line":1,"column":331},"end":{"line":8,"column":46}},"locations":[{"start":{"line":1,"column":331},"end":{"line":8,"column":46}}]}},"b":{"0":[0]},"fnMap":{"0":{"name":"(empty-report)","decl":{"start":{"line":1,"column":331},"end":{"line":8,"column":46}},"loc":{"start":{"line":1,"column":331},"end":{"line":8,"column":46}},"line":1}},"f":{"0":0}}
,"/Users/mattlist/Developer/Matt/Web/Svelte/epic-events/src/lib/server/db/schema.ts": {"path":"/Users/mattlist/Developer/Matt/Web/Svelte/epic-events/src/lib/server/db/schema.ts","all":true,"statementMap":{"0":{"start":{"line":1,"column":0},"end":{"line":1,"column":8}},"14":{"start":{"line":15,"column":0},"end":{"line":15,"column":39}},"15":{"start":{"line":16,"column":0},"end":{"line":16,"column":31}},"16":{"start":{"line":17,"column":0},"end":{"line":17,"column":30}},"17":{"start":{"line":18,"column":0},"end":{"line":18,"column":61}},"18":{"start":{"line":19,"column":0},"end":{"line":19,"column":48}},"19":{"start":{"line":20,"column":0},"end":{"line":20,"column":3}},"22":{"start":{"line":23,"column":0},"end":{"line":23,"column":50}},"23":{"start":{"line":24,"column":0},"end":{"line":24,"column":31}},"24":{"start":{"line":25,"column":0},"end":{"line":25,"column":50}},"25":{"start":{"line":26,"column":0},"end":{"line":26,"column":34}},"26":{"start":{"line":27,"column":0},"end":{"line":27,"column":39}},"27":{"start":{"line":28,"column":0},"end":{"line":28,"column":45}},"28":{"start":{"line":29,"column":0},"end":{"line":29,"column":3}},"31":{"start":{"line":32,"column":0},"end":{"line":32,"column":54}},"32":{"start":{"line":33,"column":0},"end":{"line":33,"column":31}},"33":{"start":{"line":34,"column":0},"end":{"line":34,"column":50}},"34":{"start":{"line":35,"column":0},"end":{"line":35,"column":34}},"35":{"start":{"line":36,"column":0},"end":{"line":36,"column":91}},"36":{"start":{"line":37,"column":0},"end":{"line":37,"column":79}},"37":{"start":{"line":38,"column":0},"end":{"line":38,"column":45}},"38":{"start":{"line":39,"column":0},"end":{"line":39,"column":3}},"41":{"start":{"line":42,"column":0},"end":{"line":42,"column":41}},"42":{"start":{"line":43,"column":0},"end":{"line":43,"column":45}},"43":{"start":{"line":44,"column":0},"end":{"line":44,"column":50}},"44":{"start":{"line":45,"column":0},"end":{"line":45,"column":34}},"45":{"start":{"line":46,"column":0},"end":{"line":46,"column":71}},"46":{"start":{"line":47,"column":0},"end":{"line":47,"column":77}},"47":{"start":{"line":48,"column":0},"end":{"line":48,"column":82}},"48":{"start":{"line":49,"column":0},"end":{"line":49,"column":46}},"49":{"start":{"line":50,"column":0},"end":{"line":50,"column":55}},"50":{"start":{"line":51,"column":0},"end":{"line":51,"column":49}},"51":{"start":{"line":52,"column":0},"end":{"line":52,"column":35}},"52":{"start":{"line":53,"column":0},"end":{"line":53,"column":3}},"55":{"start":{"line":56,"column":0},"end":{"line":56,"column":54}},"56":{"start":{"line":57,"column":0},"end":{"line":57,"column":31}},"57":{"start":{"line":58,"column":0},"end":{"line":58,"column":55}},"58":{"start":{"line":59,"column":0},"end":{"line":59,"column":50}},"59":{"start":{"line":60,"column":0},"end":{"line":60,"column":87}},"60":{"start":{"line":61,"column":0},"end":{"line":61,"column":57}},"61":{"start":{"line":62,"column":0},"end":{"line":62,"column":54}},"62":{"start":{"line":63,"column":0},"end":{"line":63,"column":46}},"63":{"start":{"line":64,"column":0},"end":{"line":64,"column":48}},"64":{"start":{"line":65,"column":0},"end":{"line":65,"column":3}},"67":{"start":{"line":68,"column":0},"end":{"line":68,"column":69}},"68":{"start":{"line":69,"column":0},"end":{"line":69,"column":29}},"69":{"start":{"line":70,"column":0},"end":{"line":70,"column":31}},"70":{"start":{"line":71,"column":0},"end":{"line":71,"column":29}},"71":{"start":{"line":72,"column":0},"end":{"line":72,"column":4}},"72":{"start":{"line":73,"column":0},"end":{"line":73,"column":33}},"73":{"start":{"line":74,"column":0},"end":{"line":74,"column":33}},"74":{"start":{"line":75,"column":0},"end":{"line":75,"column":31}},"75":{"start":{"line":76,"column":0},"end":{"line":76,"column":4}},"76":{"start":{"line":77,"column":0},"end":{"line":77,"column":30}},"77":{"start":{"line":78,"column":0},"end":{"line":78,"column":31}},"78":{"start":{"line":79,"column":0},"end":{"line":79,"column":4}},"79":{"start":{"line":80,"column":0},"end":{"line":80,"column":19}},"80":{"start":{"line":81,"column":0},"end":{"line":81,"column":24}},"81":{"start":{"line":82,"column":0},"end":{"line":82,"column":26}},"82":{"start":{"line":83,"column":0},"end":{"line":83,"column":24}},"83":{"start":{"line":84,"column":0},"end":{"line":84,"column":3}},"84":{"start":{"line":85,"column":0},"end":{"line":85,"column":4}},"87":{"start":{"line":88,"column":0},"end":{"line":88,"column":75}},"88":{"start":{"line":89,"column":0},"end":{"line":89,"column":21}},"89":{"start":{"line":90,"column":0},"end":{"line":90,"column":32}},"90":{"start":{"line":91,"column":0},"end":{"line":91,"column":33}},"91":{"start":{"line":92,"column":0},"end":{"line":92,"column":25}},"92":{"start":{"line":93,"column":0},"end":{"line":93,"column":3}},"93":{"start":{"line":94,"column":0},"end":{"line":94,"column":4}},"96":{"start":{"line":97,"column":0},"end":{"line":97,"column":72}},"97":{"start":{"line":98,"column":0},"end":{"line":98,"column":21}},"98":{"start":{"line":99,"column":0},"end":{"line":99,"column":4}},"101":{"start":{"line":102,"column":0},"end":{"line":102,"column":76}},"102":{"start":{"line":103,"column":0},"end":{"line":103,"column":21}},"103":{"start":{"line":104,"column":0},"end":{"line":104,"column":4}},"106":{"start":{"line":107,"column":0},"end":{"line":107,"column":62}},"107":{"start":{"line":108,"column":0},"end":{"line":108,"column":21}},"108":{"start":{"line":109,"column":0},"end":{"line":109,"column":4}}},"s":{"0":0,"14":0,"15":0,"16":0,"17":0,"18":0,"19":0,"22":0,"23":0,"24":0,"25":0,"26":0,"27":0,"28":0,"31":0,"32":0,"33":0,"34":0,"35":0,"36":0,"37":0,"38":0,"41":0,"42":0,"43":0,"44":0,"45":0,"46":0,"47":0,"48":0,"49":0,"50":0,"51":0,"52":0,"55":0,"56":0,"57":0,"58":0,"59":0,"60":0,"61":0,"62":0,"63":0,"64":0,"67":0,"68":0,"69":0,"70":0,"71":0,"72":0,"73":0,"74":0,"75":0,"76":0,"77":0,"78":0,"79":0,"80":0,"81":0,"82":0,"83":0,"84":0,"87":0,"88":0,"89":0,"90":0,"91":0,"92":0,"93":0,"96":0,"97":0,"98":0,"101":0,"102":0,"103":0,"106":0,"107":0,"108":0},"branchMap":{"0":{"type":"branch","line":1,"loc":{"start":{"line":1,"column":0},"end":{"line":109,"column":-1211}},"locations":[{"start":{"line":1,"column":0},"end":{"line":109,"column":-1211}}]}},"b":{"0":[0]},"fnMap":{"0":{"name":"(empty-report)","decl":{"start":{"line":1,"column":0},"end":{"line":109,"column":-1211}},"loc":{"start":{"line":1,"column":0},"end":{"line":109,"column":-1211}},"line":1}},"f":{"0":0}}
,"/Users/mattlist/Developer/Matt/Web/Svelte/epic-events/src/routes/+layout.svelte": {"path":"/Users/mattlist/Developer/Matt/Web/Svelte/epic-events/src/routes/+layout.svelte","all":true,"statementMap":{"0":{"start":{"line":1,"column":0},"end":{"line":1,"column":18}}},"s":{"0":0},"branchMap":{"0":{"type":"branch","line":1,"loc":{"start":{"line":1,"column":180},"end":{"line":8,"column":6}},"locations":[{"start":{"line":1,"column":180},"end":{"line":8,"column":6}}]}},"b":{"0":[0]},"fnMap":{"0":{"name":"(empty-report)","decl":{"start":{"line":1,"column":180},"end":{"line":8,"column":6}},"loc":{"start":{"line":1,"column":180},"end":{"line":8,"column":6}},"line":1}},"f":{"0":0}}
,"/Users/mattlist/Developer/Matt/Web/Svelte/epic-events/src/routes/+page.server.ts": {"path":"/Users/mattlist/Developer/Matt/Web/Svelte/epic-events/src/routes/+page.server.ts","all":true,"statementMap":{"0":{"start":{"line":1,"column":0},"end":{"line":1,"column":36}},"2":{"start":{"line":3,"column":0},"end":{"line":3,"column":30}},"3":{"start":{"line":4,"column":0},"end":{"line":4,"column":49}},"4":{"start":{"line":5,"column":0},"end":{"line":5,"column":9}},"5":{"start":{"line":6,"column":0},"end":{"line":6,"column":8}},"6":{"start":{"line":7,"column":0},"end":{"line":7,"column":3}},"7":{"start":{"line":8,"column":0},"end":{"line":8,"column":1}}},"s":{"0":0,"2":0,"3":0,"4":0,"5":0,"6":0,"7":0},"branchMap":{"0":{"type":"branch","line":1,"loc":{"start":{"line":1,"column":0},"end":{"line":8,"column":-66}},"locations":[{"start":{"line":1,"column":0},"end":{"line":8,"column":-66}}]}},"b":{"0":[0]},"fnMap":{"0":{"name":"(empty-report)","decl":{"start":{"line":1,"column":0},"end":{"line":8,"column":-66}},"loc":{"start":{"line":1,"column":0},"end":{"line":8,"column":-66}},"line":1}},"f":{"0":0}}
,"/Users/mattlist/Developer/Matt/Web/Svelte/epic-events/src/routes/+page.svelte": {"path":"/Users/mattlist/Developer/Matt/Web/Svelte/epic-events/src/routes/+page.svelte","all":false,"statementMap":{"0":{"start":{"line":1,"column":0},"end":{"line":1,"column":18}},"7":{"start":{"line":8,"column":0},"end":{"line":8,"column":33}},"8":{"start":{"line":9,"column":0},"end":{"line":9,"column":33}},"10":{"start":{"line":11,"column":0},"end":{"line":11,"column":27}},"12":{"start":{"line":13,"column":0},"end":{"line":13,"column":26}},"13":{"start":{"line":14,"column":0},"end":{"line":14,"column":16}},"14":{"start":{"line":15,"column":0},"end":{"line":15,"column":20}},"15":{"start":{"line":16,"column":0},"end":{"line":16,"column":21}},"16":{"start":{"line":17,"column":0},"end":{"line":17,"column":25}},"17":{"start":{"line":18,"column":0},"end":{"line":18,"column":25}},"18":{"start":{"line":19,"column":0},"end":{"line":19,"column":29}},"21":{"start":{"line":22,"column":0},"end":{"line":22,"column":26}},"22":{"start":{"line":23,"column":0},"end":{"line":23,"column":16}},"23":{"start":{"line":24,"column":0},"end":{"line":24,"column":20}},"24":{"start":{"line":25,"column":0},"end":{"line":25,"column":25}},"25":{"start":{"line":26,"column":0},"end":{"line":26,"column":25}},"26":{"start":{"line":27,"column":0},"end":{"line":27,"column":25}},"27":{"start":{"line":28,"column":0},"end":{"line":28,"column":29}},"30":{"start":{"line":31,"column":0},"end":{"line":31,"column":26}},"31":{"start":{"line":32,"column":0},"end":{"line":32,"column":16}},"32":{"start":{"line":33,"column":0},"end":{"line":33,"column":20}},"33":{"start":{"line":34,"column":0},"end":{"line":34,"column":24}},"34":{"start":{"line":35,"column":0},"end":{"line":35,"column":25}},"35":{"start":{"line":36,"column":0},"end":{"line":36,"column":25}},"36":{"start":{"line":37,"column":0},"end":{"line":37,"column":29}},"57":{"start":{"line":58,"column":0},"end":{"line":58,"column":32}},"59":{"start":{"line":60,"column":0},"end":{"line":60,"column":45}},"60":{"start":{"line":61,"column":0},"end":{"line":61,"column":45}},"62":{"start":{"line":63,"column":0},"end":{"line":63,"column":88}},"64":{"start":{"line":65,"column":0},"end":{"line":65,"column":46}},"65":{"start":{"line":66,"column":0},"end":{"line":66,"column":48}},"66":{"start":{"line":67,"column":0},"end":{"line":67,"column":48}},"70":{"start":{"line":71,"column":0},"end":{"line":71,"column":35}},"71":{"start":{"line":72,"column":0},"end":{"line":72,"column":36}},"84":{"start":{"line":85,"column":0},"end":{"line":85,"column":17}},"86":{"start":{"line":87,"column":0},"end":{"line":87,"column":56}}},"s":{"0":1,"7":1,"8":1,"10":1,"12":1,"13":1,"14":1,"15":1,"16":1,"17":1,"18":1,"21":1,"22":1,"23":1,"24":1,"25":1,"26":1,"27":1,"30":1,"31":1,"32":1,"33":1,"34":1,"35":1,"36":1,"57":1,"59":1,"60":1,"62":1,"64":1,"65":1,"66":1,"70":1,"71":1,"84":1,"86":1},"branchMap":{"0":{"type":"branch","line":58,"loc":{"start":{"line":58,"column":10},"end":{"line":58,"column":19}},"locations":[{"start":{"line":58,"column":10},"end":{"line":58,"column":19}}]},"1":{"type":"branch","line":60,"loc":{"start":{"line":60,"column":18},"end":{"line":60,"column":45}},"locations":[{"start":{"line":60,"column":18},"end":{"line":60,"column":45}}]},"2":{"type":"branch","line":61,"loc":{"start":{"line":61,"column":18},"end":{"line":61,"column":45}},"locations":[{"start":{"line":61,"column":18},"end":{"line":61,"column":45}}]},"3":{"type":"branch","line":63,"loc":{"start":{"line":63,"column":64},"end":{"line":63,"column":88}},"locations":[{"start":{"line":63,"column":64},"end":{"line":63,"column":88}}]},"4":{"type":"branch","line":65,"loc":{"start":{"line":65,"column":18},"end":{"line":65,"column":46}},"locations":[{"start":{"line":65,"column":18},"end":{"line":65,"column":46}}]},"5":{"type":"branch","line":66,"loc":{"start":{"line":66,"column":18},"end":{"line":66,"column":48}},"locations":[{"start":{"line":66,"column":18},"end":{"line":66,"column":48}}]},"6":{"type":"branch","line":67,"loc":{"start":{"line":67,"column":18},"end":{"line":67,"column":48}},"locations":[{"start":{"line":67,"column":18},"end":{"line":67,"column":48}}]},"7":{"type":"branch","line":85,"loc":{"start":{"line":85,"column":5},"end":{"line":85,"column":17}},"locations":[{"start":{"line":85,"column":5},"end":{"line":85,"column":17}}]}},"b":{"0":[4],"1":[6],"2":[6],"3":[6],"4":[6],"5":[6],"6":[6],"7":[2]},"fnMap":{},"f":{}}
}
